[debug] [2026-01-06T07:13:58.311Z] ----------------------------------------------------------------------
[debug] [2026-01-06T07:13:58.314Z] Command:       /nix/store/ws50yvm6vzlzf7jzz6n7xh4szddrack1-nodejs-20.19.1/bin/node /nix/store/c776mhyhgykcld7p90ajrka149ifn61a-firebase-tools-14.26.0/lib/node_modules/firebase-tools/lib/bin/firebase.js apphosting:backends:create
[debug] [2026-01-06T07:13:58.315Z] CLI Version:   14.26.0
[debug] [2026-01-06T07:13:58.315Z] Platform:      linux
[debug] [2026-01-06T07:13:58.315Z] Node Version:  v20.19.1
[debug] [2026-01-06T07:13:58.315Z] Time:          Tue Jan 06 2026 07:13:58 GMT+0000 (Coordinated Universal Time)
[debug] [2026-01-06T07:13:58.315Z] ----------------------------------------------------------------------
[debug] 
[debug] [2026-01-06T07:13:58.323Z] Checked if tokens are valid: true, expires at: 1767687211485
[debug] [2026-01-06T07:13:58.324Z] Checked if tokens are valid: true, expires at: 1767687211485
[debug] [2026-01-06T07:13:58.329Z] >>> [apiv2][query] GET https://monospace-pa.googleapis.com/v1/workspaces/digital8-54104914 [none]
[debug] [2026-01-06T07:13:59.097Z] <<< [apiv2][status] GET https://monospace-pa.googleapis.com/v1/workspaces/digital8-54104914 200
[debug] [2026-01-06T07:13:59.098Z] <<< [apiv2][body] GET https://monospace-pa.googleapis.com/v1/workspaces/digital8-54104914 {"workspaceId":"digital8-54104914","name":"digital8","workspaceRedirectUrl":"firebase-digital8-1767621432811.cluster-l2bgochoazbomqgfmlhuvdvgiy.cloudworkstations.dev","status":"WORKSPACE_STATUS_RUNNING","lastAccessDatetime":"2026-01-06T04:41:14.134911Z","workspaceTemplate":"WORKSPACE_TEMPLATE_BLANK_WEB","owner":"SELF","serviceAccountEmail":"msp-4790315271819338940@monospace-per-ws-sa-6.iam.gserviceaccount.com","enableNix":true,"ownerEmail":"plotnik@gmail.com","workspaceImageUrl":"https://www.gstatic.com/monospace/231115/logo_astro.svg","templateArgs":"{\"typescript\":\"base\",\"template\":\"minimal\",\"tailwind\":true,\"__agentic_workspace\":true}","templateRepoUrl":"file:///usr/local/monospace/templates/public/astro","workstationAccessToken":"eyJhbGciOiJSUzI1NiIsInR5cCI6IkpXVCJ9.eyJpc3MiOiJodHRwczovL2Nsb3VkLmdvb2dsZS5jb20vd29ya3N0YXRpb25zIiwiYXVkIjoiZmlyZWJhc2UtZGlnaXRhbDgtMTc2NzYyMTQzMjgxMS5jbHVzdGVyLWwyYmdvY2hvYXpib21xZ2ZtbGh1dmR2Z2l5LmNsb3Vkd29ya3N0YXRpb25zLmRldiIsImlhdCI6MTc2NzY4MzYzOSwiZXhwIjoxNzY3NzcwMDM4fQ.nHnc8aLVq1pt9hnNUPguXK4_kD9FvKlzERmdI0Lt7kJR3gt5FFwsY_g7DeMy66OJqbeYxgokC_DVNGHrW2gkDPhhVt9Oxf7s8vEow5GTzPhJFiAXaBvYdBLpJgccwci8O__FKk0lF_pHO7TsdXQWsc9KupxWksfUqSLq8TJDJRgb5FPZxnqfUe_-XtZkOM2yLaGznZ7Qp4EAME-_kF6wu-6q-ZEJio4RNXR8u9egVdzlMenQ1Z-OVU60FPSPJ-wvmW7FgxQLW8QOt7clnG3piwJYsTQMkjKKamtQvaMBvxbxzdbr96CjGPLj0DVwtJk8d6HumoI5jwPjSo0gzr8v3g","firebaseProjectId":"digital8-54104914-db97a"}
[debug] [2026-01-06T07:13:59.103Z] > command requires scopes: ["email","openid","https://www.googleapis.com/auth/cloudplatformprojects.readonly","https://www.googleapis.com/auth/firebase","https://www.googleapis.com/auth/cloud-platform","https://www.googleapis.com/auth/userinfo.email"]
[debug] [2026-01-06T07:13:59.104Z] > authorizing via signed-in user (plotnik@gmail.com)
[debug] [2026-01-06T07:13:59.112Z] Checked if tokens are valid: true, expires at: 1767687211485
[debug] [2026-01-06T07:13:59.116Z] Checked if tokens are valid: true, expires at: 1767687211485
[debug] [2026-01-06T07:13:59.117Z] >>> [apiv2][query] GET https://serviceusage.googleapis.com/v1/projects/digital8-54104914-db97a/services/firebaseapphosting.googleapis.com [none]
[debug] [2026-01-06T07:13:59.117Z] >>> [apiv2][(partial)header] GET https://serviceusage.googleapis.com/v1/projects/digital8-54104914-db97a/services/firebaseapphosting.googleapis.com x-goog-quota-user=projects/digital8-54104914-db97a
[debug] [2026-01-06T07:13:59.274Z] <<< [apiv2][status] GET https://serviceusage.googleapis.com/v1/projects/digital8-54104914-db97a/services/firebaseapphosting.googleapis.com 200
[debug] [2026-01-06T07:13:59.275Z] <<< [apiv2][body] GET https://serviceusage.googleapis.com/v1/projects/digital8-54104914-db97a/services/firebaseapphosting.googleapis.com [omitted]
[debug] [2026-01-06T07:13:59.276Z] Checked if tokens are valid: true, expires at: 1767687211485
[debug] [2026-01-06T07:13:59.276Z] Checked if tokens are valid: true, expires at: 1767687211485
[debug] [2026-01-06T07:13:59.277Z] >>> [apiv2][query] POST https://serviceusage.googleapis.com/v1/projects/digital8-54104914-db97a/services/firebaseapphosting.googleapis.com:enable [none]
[debug] [2026-01-06T07:13:59.277Z] >>> [apiv2][(partial)header] POST https://serviceusage.googleapis.com/v1/projects/digital8-54104914-db97a/services/firebaseapphosting.googleapis.com:enable x-goog-quota-user=projects/digital8-54104914-db97a
[debug] [2026-01-06T07:13:59.564Z] <<< [apiv2][status] POST https://serviceusage.googleapis.com/v1/projects/digital8-54104914-db97a/services/firebaseapphosting.googleapis.com:enable 200
[debug] [2026-01-06T07:13:59.565Z] <<< [apiv2][body] POST https://serviceusage.googleapis.com/v1/projects/digital8-54104914-db97a/services/firebaseapphosting.googleapis.com:enable [omitted]
[debug] [2026-01-06T07:14:09.583Z] Checked if tokens are valid: true, expires at: 1767687211485
[debug] [2026-01-06T07:14:09.583Z] Checked if tokens are valid: true, expires at: 1767687211485
[debug] [2026-01-06T07:14:09.584Z] >>> [apiv2][query] GET https://mobilesdk-pa.googleapis.com/v1/accessmanagement/tos:getStatus [none]
[debug] [2026-01-06T07:14:09.785Z] <<< [apiv2][status] GET https://mobilesdk-pa.googleapis.com/v1/accessmanagement/tos:getStatus 200
[debug] [2026-01-06T07:14:09.786Z] <<< [apiv2][body] GET https://mobilesdk-pa.googleapis.com/v1/accessmanagement/tos:getStatus {"overallStatus":"ACCEPTED","uTosStatus":{"tos":{"id":"firebase","tosId":"FIREBASE_UNIVERSAL"},"status":"ACCEPTED","acceptedVersion":7},"childTosStatus":[{"tos":{"id":"cloud","tosId":"CLOUD_PLATFORM"},"status":"ACCEPTED","acceptedVersion":39},{"tos":{"id":"firebase_b2b","tosId":"FIREBASE_B2B"},"status":"ACCEPTED","acceptedVersion":1},{"tos":{"id":"universal","tosId":"GOOGLE_APIS"},"status":"ACCEPTED","acceptedVersion":6}],"termsUrl":"https://firebase.google.com/terms","perServiceStatus":[{"tosId":"APP_CHECK","serviceStatus":{"tos":{"id":"app_check","tosId":"APP_CHECK"},"status":"ACCEPTED","acceptedVersion":3}},{"tosId":"APP_HOSTING_TOS","serviceStatus":{"tos":{"id":"app_hosting","tosId":"APP_HOSTING_TOS"},"status":"ACCEPTED","acceptedVersion":3}},{"tosId":"FIREBASE_DATA_CONNECT","serviceStatus":{"tos":{"id":"data_connect","tosId":"FIREBASE_DATA_CONNECT"},"status":"ACCEPTED","acceptedVersion":3}},{"tosId":"CORE_APPS","serviceStatus":{"tos":{"id":"core_apps","tosId":"CORE_APPS"},"status":"ACCEPTED","acceptedVersion":1}},{"tosId":"VERTEX_AI_IN_FIREBASE","serviceStatus":{"tos":{"id":"vertex_ai_in_firebase","tosId":"VERTEX_AI_IN_FIREBASE"},"status":"ACCEPTED","acceptedVersion":2}},{"tosId":"FIREBASE_CRASHLYTICS_APP_DISTRIBUTION","serviceStatus":{"tos":{"id":"firebase_crashlytics_app_distribution","tosId":"FIREBASE_CRASHLYTICS_APP_DISTRIBUTION"},"status":"ACCEPTED","acceptedVersion":4}},{"tosId":"GENERATIVE_LANGUAGE","serviceStatus":{"tos":{"id":"generative-language-api","tosId":"GENERATIVE_LANGUAGE"},"status":"ACCEPTED","acceptedVersion":3}}]}
[debug] [2026-01-06T07:14:09.789Z] Checked if tokens are valid: true, expires at: 1767687211485
[debug] [2026-01-06T07:14:09.789Z] Checked if tokens are valid: true, expires at: 1767687211485
[debug] [2026-01-06T07:14:09.790Z] Checked if tokens are valid: true, expires at: 1767687211485
[debug] [2026-01-06T07:14:09.791Z] Checked if tokens are valid: true, expires at: 1767687211485
[debug] [2026-01-06T07:14:09.791Z] Checked if tokens are valid: true, expires at: 1767687211485
[debug] [2026-01-06T07:14:09.792Z] Checked if tokens are valid: true, expires at: 1767687211485
[debug] [2026-01-06T07:14:09.792Z] Checked if tokens are valid: true, expires at: 1767687211485
[debug] [2026-01-06T07:14:09.792Z] Checked if tokens are valid: true, expires at: 1767687211485
[debug] [2026-01-06T07:14:09.792Z] Checked if tokens are valid: true, expires at: 1767687211485
[debug] [2026-01-06T07:14:09.792Z] Checked if tokens are valid: true, expires at: 1767687211485
[debug] [2026-01-06T07:14:09.792Z] Checked if tokens are valid: true, expires at: 1767687211485
[debug] [2026-01-06T07:14:09.793Z] Checked if tokens are valid: true, expires at: 1767687211485
[debug] [2026-01-06T07:14:09.793Z] >>> [apiv2][query] GET https://serviceusage.googleapis.com/v1/projects/digital8-54104914-db97a/services/developerconnect.googleapis.com [none]
[debug] [2026-01-06T07:14:09.793Z] >>> [apiv2][(partial)header] GET https://serviceusage.googleapis.com/v1/projects/digital8-54104914-db97a/services/developerconnect.googleapis.com x-goog-quota-user=projects/digital8-54104914-db97a
[debug] [2026-01-06T07:14:09.796Z] >>> [apiv2][query] GET https://serviceusage.googleapis.com/v1/projects/digital8-54104914-db97a/services/cloudbuild.googleapis.com [none]
[debug] [2026-01-06T07:14:09.796Z] >>> [apiv2][(partial)header] GET https://serviceusage.googleapis.com/v1/projects/digital8-54104914-db97a/services/cloudbuild.googleapis.com x-goog-quota-user=projects/digital8-54104914-db97a
[debug] [2026-01-06T07:14:09.799Z] >>> [apiv2][query] GET https://serviceusage.googleapis.com/v1/projects/digital8-54104914-db97a/services/secretmanager.googleapis.com [none]
[debug] [2026-01-06T07:14:09.799Z] >>> [apiv2][(partial)header] GET https://serviceusage.googleapis.com/v1/projects/digital8-54104914-db97a/services/secretmanager.googleapis.com x-goog-quota-user=projects/digital8-54104914-db97a
[debug] [2026-01-06T07:14:09.803Z] >>> [apiv2][query] GET https://serviceusage.googleapis.com/v1/projects/digital8-54104914-db97a/services/run.googleapis.com [none]
[debug] [2026-01-06T07:14:09.804Z] >>> [apiv2][(partial)header] GET https://serviceusage.googleapis.com/v1/projects/digital8-54104914-db97a/services/run.googleapis.com x-goog-quota-user=projects/digital8-54104914-db97a
[debug] [2026-01-06T07:14:09.806Z] >>> [apiv2][query] GET https://serviceusage.googleapis.com/v1/projects/digital8-54104914-db97a/services/artifactregistry.googleapis.com [none]
[debug] [2026-01-06T07:14:09.807Z] >>> [apiv2][(partial)header] GET https://serviceusage.googleapis.com/v1/projects/digital8-54104914-db97a/services/artifactregistry.googleapis.com x-goog-quota-user=projects/digital8-54104914-db97a
[debug] [2026-01-06T07:14:09.810Z] >>> [apiv2][query] GET https://serviceusage.googleapis.com/v1/projects/digital8-54104914-db97a/services/iam.googleapis.com [none]
[debug] [2026-01-06T07:14:09.811Z] >>> [apiv2][(partial)header] GET https://serviceusage.googleapis.com/v1/projects/digital8-54104914-db97a/services/iam.googleapis.com x-goog-quota-user=projects/digital8-54104914-db97a
[debug] [2026-01-06T07:14:10.253Z] <<< [apiv2][status] GET https://serviceusage.googleapis.com/v1/projects/digital8-54104914-db97a/services/secretmanager.googleapis.com 200
[debug] [2026-01-06T07:14:10.258Z] <<< [apiv2][body] GET https://serviceusage.googleapis.com/v1/projects/digital8-54104914-db97a/services/secretmanager.googleapis.com [omitted]
[debug] [2026-01-06T07:14:10.300Z] <<< [apiv2][status] GET https://serviceusage.googleapis.com/v1/projects/digital8-54104914-db97a/services/developerconnect.googleapis.com 200
[debug] [2026-01-06T07:14:10.300Z] <<< [apiv2][body] GET https://serviceusage.googleapis.com/v1/projects/digital8-54104914-db97a/services/developerconnect.googleapis.com [omitted]
[debug] [2026-01-06T07:14:10.308Z] Checked if tokens are valid: true, expires at: 1767687211485
[debug] [2026-01-06T07:14:10.309Z] Checked if tokens are valid: true, expires at: 1767687211485
[debug] [2026-01-06T07:14:10.309Z] >>> [apiv2][query] POST https://serviceusage.googleapis.com/v1/projects/digital8-54104914-db97a/services/developerconnect.googleapis.com:enable [none]
[debug] [2026-01-06T07:14:10.309Z] >>> [apiv2][(partial)header] POST https://serviceusage.googleapis.com/v1/projects/digital8-54104914-db97a/services/developerconnect.googleapis.com:enable x-goog-quota-user=projects/digital8-54104914-db97a
[debug] [2026-01-06T07:14:10.330Z] <<< [apiv2][status] GET https://serviceusage.googleapis.com/v1/projects/digital8-54104914-db97a/services/cloudbuild.googleapis.com 200
[debug] [2026-01-06T07:14:10.330Z] <<< [apiv2][body] GET https://serviceusage.googleapis.com/v1/projects/digital8-54104914-db97a/services/cloudbuild.googleapis.com [omitted]
[debug] [2026-01-06T07:14:10.367Z] <<< [apiv2][status] GET https://serviceusage.googleapis.com/v1/projects/digital8-54104914-db97a/services/iam.googleapis.com 200
[debug] [2026-01-06T07:14:10.368Z] <<< [apiv2][body] GET https://serviceusage.googleapis.com/v1/projects/digital8-54104914-db97a/services/iam.googleapis.com [omitted]
[debug] [2026-01-06T07:14:10.400Z] <<< [apiv2][status] GET https://serviceusage.googleapis.com/v1/projects/digital8-54104914-db97a/services/run.googleapis.com 200
[debug] [2026-01-06T07:14:10.401Z] <<< [apiv2][body] GET https://serviceusage.googleapis.com/v1/projects/digital8-54104914-db97a/services/run.googleapis.com [omitted]
[debug] [2026-01-06T07:14:10.428Z] <<< [apiv2][status] GET https://serviceusage.googleapis.com/v1/projects/digital8-54104914-db97a/services/artifactregistry.googleapis.com 200
[debug] [2026-01-06T07:14:10.432Z] <<< [apiv2][body] GET https://serviceusage.googleapis.com/v1/projects/digital8-54104914-db97a/services/artifactregistry.googleapis.com [omitted]
[debug] [2026-01-06T07:14:10.507Z] <<< [apiv2][status] POST https://serviceusage.googleapis.com/v1/projects/digital8-54104914-db97a/services/developerconnect.googleapis.com:enable 200
[debug] [2026-01-06T07:14:10.514Z] <<< [apiv2][body] POST https://serviceusage.googleapis.com/v1/projects/digital8-54104914-db97a/services/developerconnect.googleapis.com:enable [omitted]
[debug] [2026-01-06T07:14:20.537Z] Checked if tokens are valid: true, expires at: 1767687211485
[debug] [2026-01-06T07:14:20.537Z] Checked if tokens are valid: true, expires at: 1767687211485
[debug] [2026-01-06T07:14:20.538Z] >>> [apiv2][query] POST https://iam.googleapis.com/v1/projects/digital8-54104914-db97a/serviceAccounts/firebase-app-hosting-compute@digital8-54104914-db97a.iam.gserviceaccount.com:testIamPermissions [none]
[debug] [2026-01-06T07:14:20.538Z] >>> [apiv2][(partial)header] POST https://iam.googleapis.com/v1/projects/digital8-54104914-db97a/serviceAccounts/firebase-app-hosting-compute@digital8-54104914-db97a.iam.gserviceaccount.com:testIamPermissions x-goog-quota-user=projects/digital8-54104914-db97a
[debug] [2026-01-06T07:14:20.538Z] >>> [apiv2][body] POST https://iam.googleapis.com/v1/projects/digital8-54104914-db97a/serviceAccounts/firebase-app-hosting-compute@digital8-54104914-db97a.iam.gserviceaccount.com:testIamPermissions {"permissions":["iam.serviceAccounts.actAs"]}
[debug] [2026-01-06T07:14:20.625Z] <<< [apiv2][status] POST https://iam.googleapis.com/v1/projects/digital8-54104914-db97a/serviceAccounts/firebase-app-hosting-compute@digital8-54104914-db97a.iam.gserviceaccount.com:testIamPermissions 404
[debug] [2026-01-06T07:14:20.625Z] <<< [apiv2][body] POST https://iam.googleapis.com/v1/projects/digital8-54104914-db97a/serviceAccounts/firebase-app-hosting-compute@digital8-54104914-db97a.iam.gserviceaccount.com:testIamPermissions {"error":{"code":404,"message":"Unknown service account","status":"NOT_FOUND"}}
[debug] [2026-01-06T07:14:20.632Z] Checked if tokens are valid: true, expires at: 1767687211485
[debug] [2026-01-06T07:14:20.632Z] Checked if tokens are valid: true, expires at: 1767687211485
[debug] [2026-01-06T07:14:20.633Z] >>> [apiv2][query] POST https://iam.googleapis.com/v1/projects/digital8-54104914-db97a/serviceAccounts [none]
[debug] [2026-01-06T07:14:20.633Z] >>> [apiv2][body] POST https://iam.googleapis.com/v1/projects/digital8-54104914-db97a/serviceAccounts {"accountId":"firebase-app-hosting-compute","serviceAccount":{"displayName":"Firebase App Hosting compute service account","description":"Default service account used to run builds and deploys for Firebase App Hosting"}}
[debug] [2026-01-06T07:14:21.186Z] <<< [apiv2][status] POST https://iam.googleapis.com/v1/projects/digital8-54104914-db97a/serviceAccounts 200
[debug] [2026-01-06T07:14:21.186Z] <<< [apiv2][body] POST https://iam.googleapis.com/v1/projects/digital8-54104914-db97a/serviceAccounts [omitted]
[debug] [2026-01-06T07:14:21.192Z] Checked if tokens are valid: true, expires at: 1767687211485
[debug] [2026-01-06T07:14:21.192Z] Checked if tokens are valid: true, expires at: 1767687211485
[debug] [2026-01-06T07:14:21.192Z] >>> [apiv2][query] POST https://cloudresourcemanager.googleapis.com/v1/projects/digital8-54104914-db97a:getIamPolicy [none]
[debug] [2026-01-06T07:14:21.318Z] <<< [apiv2][status] POST https://cloudresourcemanager.googleapis.com/v1/projects/digital8-54104914-db97a:getIamPolicy 200
[debug] [2026-01-06T07:14:21.319Z] <<< [apiv2][body] POST https://cloudresourcemanager.googleapis.com/v1/projects/digital8-54104914-db97a:getIamPolicy {"version":1,"etag":"BwZHsuvHi8o=","bindings":[{"role":"roles/cloudbuild.builds.builder","members":["serviceAccount:436605592124@cloudbuild.gserviceaccount.com"]},{"role":"roles/cloudbuild.serviceAgent","members":["serviceAccount:service-436605592124@gcp-sa-cloudbuild.iam.gserviceaccount.com"]},{"role":"roles/containerregistry.ServiceAgent","members":["serviceAccount:service-436605592124@containerregistry.iam.gserviceaccount.com"]},{"role":"roles/editor","members":["serviceAccount:436605592124-compute@developer.gserviceaccount.com"]},{"role":"roles/firebase.managementServiceAgent","members":["serviceAccount:service-436605592124@gcp-sa-firebase.iam.gserviceaccount.com"]},{"role":"roles/firebase.sdkAdminServiceAgent","members":["serviceAccount:firebase-adminsdk-fbsvc@digital8-54104914-db97a.iam.gserviceaccount.com"]},{"role":"roles/iam.serviceAccountTokenCreator","members":["serviceAccount:firebase-adminsdk-fbsvc@digital8-54104914-db97a.iam.gserviceaccount.com"]},{"role":"roles/owner","members":["user:plotnik@gmail.com"]},{"role":"roles/run.serviceAgent","members":["serviceAccount:service-436605592124@serverless-robot-prod.iam.gserviceaccount.com"]}]}
[debug] [2026-01-06T07:14:21.320Z] Checked if tokens are valid: true, expires at: 1767687211485
[debug] [2026-01-06T07:14:21.320Z] Checked if tokens are valid: true, expires at: 1767687211485
[debug] [2026-01-06T07:14:21.321Z] >>> [apiv2][query] POST https://cloudresourcemanager.googleapis.com/v1/projects/digital8-54104914-db97a:setIamPolicy [none]
[debug] [2026-01-06T07:14:21.322Z] >>> [apiv2][body] POST https://cloudresourcemanager.googleapis.com/v1/projects/digital8-54104914-db97a:setIamPolicy {"policy":{"version":1,"etag":"BwZHsuvHi8o=","bindings":[{"role":"roles/cloudbuild.builds.builder","members":["serviceAccount:436605592124@cloudbuild.gserviceaccount.com"]},{"role":"roles/cloudbuild.serviceAgent","members":["serviceAccount:service-436605592124@gcp-sa-cloudbuild.iam.gserviceaccount.com"]},{"role":"roles/containerregistry.ServiceAgent","members":["serviceAccount:service-436605592124@containerregistry.iam.gserviceaccount.com"]},{"role":"roles/editor","members":["serviceAccount:436605592124-compute@developer.gserviceaccount.com"]},{"role":"roles/firebase.managementServiceAgent","members":["serviceAccount:service-436605592124@gcp-sa-firebase.iam.gserviceaccount.com"]},{"role":"roles/firebase.sdkAdminServiceAgent","members":["serviceAccount:firebase-adminsdk-fbsvc@digital8-54104914-db97a.iam.gserviceaccount.com","serviceAccount:firebase-app-hosting-compute@digital8-54104914-db97a.iam.gserviceaccount.com"]},{"role":"roles/iam.serviceAccountTokenCreator","members":["serviceAccount:firebase-adminsdk-fbsvc@digital8-54104914-db97a.iam.gserviceaccount.com"]},{"role":"roles/owner","members":["user:plotnik@gmail.com"]},{"role":"roles/run.serviceAgent","members":["serviceAccount:service-436605592124@serverless-robot-prod.iam.gserviceaccount.com"]},{"role":"roles/firebaseapphosting.computeRunner","members":["serviceAccount:firebase-app-hosting-compute@digital8-54104914-db97a.iam.gserviceaccount.com"]},{"role":"roles/developerconnect.readTokenAccessor","members":["serviceAccount:firebase-app-hosting-compute@digital8-54104914-db97a.iam.gserviceaccount.com"]},{"role":"roles/storage.objectViewer","members":["serviceAccount:firebase-app-hosting-compute@digital8-54104914-db97a.iam.gserviceaccount.com"]}]},"updateMask":"bindings"}
[debug] [2026-01-06T07:14:21.763Z] <<< [apiv2][status] POST https://cloudresourcemanager.googleapis.com/v1/projects/digital8-54104914-db97a:setIamPolicy 200
[debug] [2026-01-06T07:14:21.763Z] <<< [apiv2][body] POST https://cloudresourcemanager.googleapis.com/v1/projects/digital8-54104914-db97a:setIamPolicy {"version":1,"etag":"BwZHsuy70cw=","bindings":[{"role":"roles/cloudbuild.builds.builder","members":["serviceAccount:436605592124@cloudbuild.gserviceaccount.com"]},{"role":"roles/cloudbuild.serviceAgent","members":["serviceAccount:service-436605592124@gcp-sa-cloudbuild.iam.gserviceaccount.com"]},{"role":"roles/containerregistry.ServiceAgent","members":["serviceAccount:service-436605592124@containerregistry.iam.gserviceaccount.com"]},{"role":"roles/developerconnect.readTokenAccessor","members":["serviceAccount:firebase-app-hosting-compute@digital8-54104914-db97a.iam.gserviceaccount.com"]},{"role":"roles/editor","members":["serviceAccount:436605592124-compute@developer.gserviceaccount.com"]},{"role":"roles/firebase.managementServiceAgent","members":["serviceAccount:service-436605592124@gcp-sa-firebase.iam.gserviceaccount.com"]},{"role":"roles/firebase.sdkAdminServiceAgent","members":["serviceAccount:firebase-adminsdk-fbsvc@digital8-54104914-db97a.iam.gserviceaccount.com","serviceAccount:firebase-app-hosting-compute@digital8-54104914-db97a.iam.gserviceaccount.com"]},{"role":"roles/firebaseapphosting.computeRunner","members":["serviceAccount:firebase-app-hosting-compute@digital8-54104914-db97a.iam.gserviceaccount.com"]},{"role":"roles/iam.serviceAccountTokenCreator","members":["serviceAccount:firebase-adminsdk-fbsvc@digital8-54104914-db97a.iam.gserviceaccount.com"]},{"role":"roles/owner","members":["user:plotnik@gmail.com"]},{"role":"roles/run.serviceAgent","members":["serviceAccount:service-436605592124@serverless-robot-prod.iam.gserviceaccount.com"]},{"role":"roles/storage.objectViewer","members":["serviceAccount:firebase-app-hosting-compute@digital8-54104914-db97a.iam.gserviceaccount.com"]}]}
[debug] [2026-01-06T07:14:21.770Z] Checked if tokens are valid: true, expires at: 1767687211485
[debug] [2026-01-06T07:14:21.771Z] Checked if tokens are valid: true, expires at: 1767687211485
[debug] [2026-01-06T07:14:21.772Z] >>> [apiv2][query] GET https://firebaseapphosting.googleapis.com/v1beta/projects/digital8-54104914-db97a/locations 
[debug] [2026-01-06T07:14:21.870Z] <<< [apiv2][status] GET https://firebaseapphosting.googleapis.com/v1beta/projects/digital8-54104914-db97a/locations 200
[debug] [2026-01-06T07:14:21.870Z] <<< [apiv2][body] GET https://firebaseapphosting.googleapis.com/v1beta/projects/digital8-54104914-db97a/locations {"locations":[{"name":"projects/digital8-54104914-db97a/locations/asia-east1","locationId":"asia-east1","displayName":"Taiwan"},{"name":"projects/digital8-54104914-db97a/locations/asia-southeast1","locationId":"asia-southeast1","displayName":"Singapore"},{"name":"projects/digital8-54104914-db97a/locations/europe-west4","locationId":"europe-west4","displayName":"Netherlands"},{"name":"projects/digital8-54104914-db97a/locations/us-central1","locationId":"us-central1","displayName":"Iowa"},{"name":"projects/digital8-54104914-db97a/locations/us-east4","locationId":"us-east4","displayName":"Northern Virginia"},{"name":"projects/digital8-54104914-db97a/locations/us-east5","locationId":"us-east5","displayName":"Columbus"}]}
[info] ✔  Location set to us-central1.
 
[info] i  === Set up your backend 
[debug] [2026-01-06T07:14:56.783Z] Checked if tokens are valid: true, expires at: 1767687211485
[debug] [2026-01-06T07:14:56.783Z] Checked if tokens are valid: true, expires at: 1767687211485
[debug] [2026-01-06T07:14:56.784Z] >>> [apiv2][query] GET https://firebaseapphosting.googleapis.com/v1beta/projects/digital8-54104914-db97a/locations/us-central1/backends/digital8-web [none]
[debug] [2026-01-06T07:14:56.880Z] <<< [apiv2][status] GET https://firebaseapphosting.googleapis.com/v1beta/projects/digital8-54104914-db97a/locations/us-central1/backends/digital8-web 404
[debug] [2026-01-06T07:14:56.880Z] <<< [apiv2][body] GET https://firebaseapphosting.googleapis.com/v1beta/projects/digital8-54104914-db97a/locations/us-central1/backends/digital8-web {"error":{"code":404,"message":"Resource 'projects/digital8-54104914-db97a/locations/us-central1/backends/digital8-web' was not found","status":"NOT_FOUND","details":[{"@type":"type.googleapis.com/google.rpc.ResourceInfo","resourceName":"projects/digital8-54104914-db97a/locations/us-central1/backends/digital8-web"}]}}
[info] ✔  Name set to digital8-web
 
[info] i  === Import a GitHub repository 
[debug] [2026-01-06T07:15:48.224Z] Checked if tokens are valid: true, expires at: 1767687211485
[debug] [2026-01-06T07:15:48.234Z] Checked if tokens are valid: true, expires at: 1767687211485
[debug] [2026-01-06T07:15:48.242Z] >>> [apiv2][query] GET https://developerconnect.googleapis.com/v1/projects/digital8-54104914-db97a/locations/us-central1/connections pageSize=1000&pageToken=
[debug] [2026-01-06T07:15:48.330Z] <<< [apiv2][status] GET https://developerconnect.googleapis.com/v1/projects/digital8-54104914-db97a/locations/us-central1/connections 200
[debug] [2026-01-06T07:15:48.330Z] <<< [apiv2][body] GET https://developerconnect.googleapis.com/v1/projects/digital8-54104914-db97a/locations/us-central1/connections {}
[debug] [2026-01-06T07:15:48.334Z] Checked if tokens are valid: true, expires at: 1767687211485
[debug] [2026-01-06T07:15:48.334Z] Checked if tokens are valid: true, expires at: 1767687211485
[debug] [2026-01-06T07:15:48.335Z] >>> [apiv2][query] GET https://serviceusage.googleapis.com/v1/projects/digital8-54104914-db97a/services/cloudresourcemanager.googleapis.com [none]
[debug] [2026-01-06T07:15:48.335Z] >>> [apiv2][(partial)header] GET https://serviceusage.googleapis.com/v1/projects/digital8-54104914-db97a/services/cloudresourcemanager.googleapis.com x-goog-quota-user=projects/digital8-54104914-db97a
[debug] [2026-01-06T07:15:48.471Z] <<< [apiv2][status] GET https://serviceusage.googleapis.com/v1/projects/digital8-54104914-db97a/services/cloudresourcemanager.googleapis.com 200
[debug] [2026-01-06T07:15:48.477Z] <<< [apiv2][body] GET https://serviceusage.googleapis.com/v1/projects/digital8-54104914-db97a/services/cloudresourcemanager.googleapis.com [omitted]
[debug] [2026-01-06T07:15:48.510Z] Checked if tokens are valid: true, expires at: 1767687211485
[debug] [2026-01-06T07:15:48.510Z] Checked if tokens are valid: true, expires at: 1767687211485
[debug] [2026-01-06T07:15:48.511Z] >>> [apiv2][query] GET https://cloudresourcemanager.googleapis.com/v1/projects/digital8-54104914-db97a [none]
[debug] [2026-01-06T07:15:48.576Z] <<< [apiv2][status] GET https://cloudresourcemanager.googleapis.com/v1/projects/digital8-54104914-db97a 200
[debug] [2026-01-06T07:15:48.577Z] <<< [apiv2][body] GET https://cloudresourcemanager.googleapis.com/v1/projects/digital8-54104914-db97a {"projectNumber":"436605592124","projectId":"digital8-54104914-db97a","lifecycleState":"ACTIVE","name":"Firebase app","labels":{"firebase":"enabled","firebase-core":"disabled"},"createTime":"2026-01-05T17:31:42.054185Z"}
[debug] [2026-01-06T07:15:48.578Z] Checked if tokens are valid: true, expires at: 1767687211485
[debug] [2026-01-06T07:15:48.578Z] Checked if tokens are valid: true, expires at: 1767687211485
[debug] [2026-01-06T07:15:48.578Z] >>> [apiv2][query] POST https://cloudresourcemanager.googleapis.com/v1/projects/digital8-54104914-db97a:getIamPolicy [none]
[debug] [2026-01-06T07:15:48.728Z] <<< [apiv2][status] POST https://cloudresourcemanager.googleapis.com/v1/projects/digital8-54104914-db97a:getIamPolicy 200
[debug] [2026-01-06T07:15:48.729Z] <<< [apiv2][body] POST https://cloudresourcemanager.googleapis.com/v1/projects/digital8-54104914-db97a:getIamPolicy {"version":1,"etag":"BwZHsuy70cw=","bindings":[{"role":"roles/cloudbuild.builds.builder","members":["serviceAccount:436605592124@cloudbuild.gserviceaccount.com"]},{"role":"roles/cloudbuild.serviceAgent","members":["serviceAccount:service-436605592124@gcp-sa-cloudbuild.iam.gserviceaccount.com"]},{"role":"roles/containerregistry.ServiceAgent","members":["serviceAccount:service-436605592124@containerregistry.iam.gserviceaccount.com"]},{"role":"roles/developerconnect.readTokenAccessor","members":["serviceAccount:firebase-app-hosting-compute@digital8-54104914-db97a.iam.gserviceaccount.com"]},{"role":"roles/editor","members":["serviceAccount:436605592124-compute@developer.gserviceaccount.com"]},{"role":"roles/firebase.managementServiceAgent","members":["serviceAccount:service-436605592124@gcp-sa-firebase.iam.gserviceaccount.com"]},{"role":"roles/firebase.sdkAdminServiceAgent","members":["serviceAccount:firebase-adminsdk-fbsvc@digital8-54104914-db97a.iam.gserviceaccount.com","serviceAccount:firebase-app-hosting-compute@digital8-54104914-db97a.iam.gserviceaccount.com"]},{"role":"roles/firebaseapphosting.computeRunner","members":["serviceAccount:firebase-app-hosting-compute@digital8-54104914-db97a.iam.gserviceaccount.com"]},{"role":"roles/iam.serviceAccountTokenCreator","members":["serviceAccount:firebase-adminsdk-fbsvc@digital8-54104914-db97a.iam.gserviceaccount.com"]},{"role":"roles/owner","members":["user:plotnik@gmail.com"]},{"role":"roles/run.serviceAgent","members":["serviceAccount:service-436605592124@serverless-robot-prod.iam.gserviceaccount.com"]},{"role":"roles/storage.objectViewer","members":["serviceAccount:firebase-app-hosting-compute@digital8-54104914-db97a.iam.gserviceaccount.com"]}]}
[info] i  To create a new GitHub connection, Secret Manager Admin role (roles/secretmanager.admin) is required on the Developer Connect Service Agent. 
[debug] [2026-01-06T07:16:56.883Z] Checked if tokens are valid: true, expires at: 1767687211485
[debug] [2026-01-06T07:16:56.884Z] Checked if tokens are valid: true, expires at: 1767687211485
[debug] [2026-01-06T07:16:56.884Z] >>> [apiv2][query] POST https://cloudresourcemanager.googleapis.com/v1/projects/digital8-54104914-db97a:getIamPolicy [none]
[debug] [2026-01-06T07:16:57.031Z] <<< [apiv2][status] POST https://cloudresourcemanager.googleapis.com/v1/projects/digital8-54104914-db97a:getIamPolicy 200
[debug] [2026-01-06T07:16:57.034Z] <<< [apiv2][body] POST https://cloudresourcemanager.googleapis.com/v1/projects/digital8-54104914-db97a:getIamPolicy {"version":1,"etag":"BwZHsuy70cw=","bindings":[{"role":"roles/cloudbuild.builds.builder","members":["serviceAccount:436605592124@cloudbuild.gserviceaccount.com"]},{"role":"roles/cloudbuild.serviceAgent","members":["serviceAccount:service-436605592124@gcp-sa-cloudbuild.iam.gserviceaccount.com"]},{"role":"roles/containerregistry.ServiceAgent","members":["serviceAccount:service-436605592124@containerregistry.iam.gserviceaccount.com"]},{"role":"roles/developerconnect.readTokenAccessor","members":["serviceAccount:firebase-app-hosting-compute@digital8-54104914-db97a.iam.gserviceaccount.com"]},{"role":"roles/editor","members":["serviceAccount:436605592124-compute@developer.gserviceaccount.com"]},{"role":"roles/firebase.managementServiceAgent","members":["serviceAccount:service-436605592124@gcp-sa-firebase.iam.gserviceaccount.com"]},{"role":"roles/firebase.sdkAdminServiceAgent","members":["serviceAccount:firebase-adminsdk-fbsvc@digital8-54104914-db97a.iam.gserviceaccount.com","serviceAccount:firebase-app-hosting-compute@digital8-54104914-db97a.iam.gserviceaccount.com"]},{"role":"roles/firebaseapphosting.computeRunner","members":["serviceAccount:firebase-app-hosting-compute@digital8-54104914-db97a.iam.gserviceaccount.com"]},{"role":"roles/iam.serviceAccountTokenCreator","members":["serviceAccount:firebase-adminsdk-fbsvc@digital8-54104914-db97a.iam.gserviceaccount.com"]},{"role":"roles/owner","members":["user:plotnik@gmail.com"]},{"role":"roles/run.serviceAgent","members":["serviceAccount:service-436605592124@serverless-robot-prod.iam.gserviceaccount.com"]},{"role":"roles/storage.objectViewer","members":["serviceAccount:firebase-app-hosting-compute@digital8-54104914-db97a.iam.gserviceaccount.com"]}]}
[debug] [2026-01-06T07:16:57.038Z] Checked if tokens are valid: true, expires at: 1767687211485
[debug] [2026-01-06T07:16:57.038Z] Checked if tokens are valid: true, expires at: 1767687211485
[debug] [2026-01-06T07:16:57.039Z] >>> [apiv2][query] POST https://cloudresourcemanager.googleapis.com/v1/projects/digital8-54104914-db97a:setIamPolicy [none]
[debug] [2026-01-06T07:16:57.044Z] >>> [apiv2][body] POST https://cloudresourcemanager.googleapis.com/v1/projects/digital8-54104914-db97a:setIamPolicy {"policy":{"version":1,"etag":"BwZHsuy70cw=","bindings":[{"role":"roles/cloudbuild.builds.builder","members":["serviceAccount:436605592124@cloudbuild.gserviceaccount.com"]},{"role":"roles/cloudbuild.serviceAgent","members":["serviceAccount:service-436605592124@gcp-sa-cloudbuild.iam.gserviceaccount.com"]},{"role":"roles/containerregistry.ServiceAgent","members":["serviceAccount:service-436605592124@containerregistry.iam.gserviceaccount.com"]},{"role":"roles/developerconnect.readTokenAccessor","members":["serviceAccount:firebase-app-hosting-compute@digital8-54104914-db97a.iam.gserviceaccount.com"]},{"role":"roles/editor","members":["serviceAccount:436605592124-compute@developer.gserviceaccount.com"]},{"role":"roles/firebase.managementServiceAgent","members":["serviceAccount:service-436605592124@gcp-sa-firebase.iam.gserviceaccount.com"]},{"role":"roles/firebase.sdkAdminServiceAgent","members":["serviceAccount:firebase-adminsdk-fbsvc@digital8-54104914-db97a.iam.gserviceaccount.com","serviceAccount:firebase-app-hosting-compute@digital8-54104914-db97a.iam.gserviceaccount.com"]},{"role":"roles/firebaseapphosting.computeRunner","members":["serviceAccount:firebase-app-hosting-compute@digital8-54104914-db97a.iam.gserviceaccount.com"]},{"role":"roles/iam.serviceAccountTokenCreator","members":["serviceAccount:firebase-adminsdk-fbsvc@digital8-54104914-db97a.iam.gserviceaccount.com"]},{"role":"roles/owner","members":["user:plotnik@gmail.com"]},{"role":"roles/run.serviceAgent","members":["serviceAccount:service-436605592124@serverless-robot-prod.iam.gserviceaccount.com"]},{"role":"roles/storage.objectViewer","members":["serviceAccount:firebase-app-hosting-compute@digital8-54104914-db97a.iam.gserviceaccount.com"]},{"role":"roles/secretmanager.admin","members":["serviceAccount:service-436605592124@gcp-sa-devconnect.iam.gserviceaccount.com"]}]},"updateMask":"bindings"}
[debug] [2026-01-06T07:16:57.354Z] <<< [apiv2][status] POST https://cloudresourcemanager.googleapis.com/v1/projects/digital8-54104914-db97a:setIamPolicy 400
[debug] [2026-01-06T07:16:57.354Z] <<< [apiv2][body] POST https://cloudresourcemanager.googleapis.com/v1/projects/digital8-54104914-db97a:setIamPolicy {"error":{"code":400,"message":"Service account service-436605592124@gcp-sa-devconnect.iam.gserviceaccount.com does not exist.","status":"INVALID_ARGUMENT"}}
[info] i  apphosting: generating the service identity for developerconnect.googleapis.com... 
[debug] [2026-01-06T07:16:57.365Z] Checked if tokens are valid: true, expires at: 1767687211485
[debug] [2026-01-06T07:16:57.365Z] Checked if tokens are valid: true, expires at: 1767687211485
[debug] [2026-01-06T07:16:57.369Z] >>> [apiv2][query] POST https://serviceusage.googleapis.com/v1beta1/projects/436605592124/services/developerconnect.googleapis.com:generateServiceIdentity [none]
[debug] [2026-01-06T07:16:57.370Z] >>> [apiv2][(partial)header] POST https://serviceusage.googleapis.com/v1beta1/projects/436605592124/services/developerconnect.googleapis.com:generateServiceIdentity x-goog-quota-user=projects/436605592124
[debug] [2026-01-06T07:16:57.370Z] >>> [apiv2][body] POST https://serviceusage.googleapis.com/v1beta1/projects/436605592124/services/developerconnect.googleapis.com:generateServiceIdentity {}
[debug] [2026-01-06T07:16:57.786Z] <<< [apiv2][status] POST https://serviceusage.googleapis.com/v1beta1/projects/436605592124/services/developerconnect.googleapis.com:generateServiceIdentity 200
[debug] [2026-01-06T07:16:57.786Z] <<< [apiv2][body] POST https://serviceusage.googleapis.com/v1beta1/projects/436605592124/services/developerconnect.googleapis.com:generateServiceIdentity {"name":"operations/finished.DONE_OPERATION","done":true,"response":{"@type":"type.googleapis.com/google.api.serviceusage.v1beta1.ServiceIdentity","email":"service-436605592124@gcp-sa-devconnect.iam.gserviceaccount.com","uniqueId":"118396508937227262459"}}
[debug] [2026-01-06T07:16:57.787Z] Checked if tokens are valid: true, expires at: 1767687211485
[debug] [2026-01-06T07:16:57.787Z] Checked if tokens are valid: true, expires at: 1767687211485
[debug] [2026-01-06T07:16:57.788Z] >>> [apiv2][query] POST https://cloudresourcemanager.googleapis.com/v1/projects/digital8-54104914-db97a:getIamPolicy [none]
[debug] [2026-01-06T07:16:57.945Z] <<< [apiv2][status] POST https://cloudresourcemanager.googleapis.com/v1/projects/digital8-54104914-db97a:getIamPolicy 200
[debug] [2026-01-06T07:16:57.945Z] <<< [apiv2][body] POST https://cloudresourcemanager.googleapis.com/v1/projects/digital8-54104914-db97a:getIamPolicy {"version":1,"etag":"BwZHsuy70cw=","bindings":[{"role":"roles/cloudbuild.builds.builder","members":["serviceAccount:436605592124@cloudbuild.gserviceaccount.com"]},{"role":"roles/cloudbuild.serviceAgent","members":["serviceAccount:service-436605592124@gcp-sa-cloudbuild.iam.gserviceaccount.com"]},{"role":"roles/containerregistry.ServiceAgent","members":["serviceAccount:service-436605592124@containerregistry.iam.gserviceaccount.com"]},{"role":"roles/developerconnect.readTokenAccessor","members":["serviceAccount:firebase-app-hosting-compute@digital8-54104914-db97a.iam.gserviceaccount.com"]},{"role":"roles/editor","members":["serviceAccount:436605592124-compute@developer.gserviceaccount.com"]},{"role":"roles/firebase.managementServiceAgent","members":["serviceAccount:service-436605592124@gcp-sa-firebase.iam.gserviceaccount.com"]},{"role":"roles/firebase.sdkAdminServiceAgent","members":["serviceAccount:firebase-adminsdk-fbsvc@digital8-54104914-db97a.iam.gserviceaccount.com","serviceAccount:firebase-app-hosting-compute@digital8-54104914-db97a.iam.gserviceaccount.com"]},{"role":"roles/firebaseapphosting.computeRunner","members":["serviceAccount:firebase-app-hosting-compute@digital8-54104914-db97a.iam.gserviceaccount.com"]},{"role":"roles/iam.serviceAccountTokenCreator","members":["serviceAccount:firebase-adminsdk-fbsvc@digital8-54104914-db97a.iam.gserviceaccount.com"]},{"role":"roles/owner","members":["user:plotnik@gmail.com"]},{"role":"roles/run.serviceAgent","members":["serviceAccount:service-436605592124@serverless-robot-prod.iam.gserviceaccount.com"]},{"role":"roles/storage.objectViewer","members":["serviceAccount:firebase-app-hosting-compute@digital8-54104914-db97a.iam.gserviceaccount.com"]}]}
[debug] [2026-01-06T07:16:57.948Z] Checked if tokens are valid: true, expires at: 1767687211485
[debug] [2026-01-06T07:16:57.954Z] Checked if tokens are valid: true, expires at: 1767687211485
[debug] [2026-01-06T07:16:57.954Z] >>> [apiv2][query] POST https://cloudresourcemanager.googleapis.com/v1/projects/digital8-54104914-db97a:setIamPolicy [none]
[debug] [2026-01-06T07:16:57.955Z] >>> [apiv2][body] POST https://cloudresourcemanager.googleapis.com/v1/projects/digital8-54104914-db97a:setIamPolicy {"policy":{"version":1,"etag":"BwZHsuy70cw=","bindings":[{"role":"roles/cloudbuild.builds.builder","members":["serviceAccount:436605592124@cloudbuild.gserviceaccount.com"]},{"role":"roles/cloudbuild.serviceAgent","members":["serviceAccount:service-436605592124@gcp-sa-cloudbuild.iam.gserviceaccount.com"]},{"role":"roles/containerregistry.ServiceAgent","members":["serviceAccount:service-436605592124@containerregistry.iam.gserviceaccount.com"]},{"role":"roles/developerconnect.readTokenAccessor","members":["serviceAccount:firebase-app-hosting-compute@digital8-54104914-db97a.iam.gserviceaccount.com"]},{"role":"roles/editor","members":["serviceAccount:436605592124-compute@developer.gserviceaccount.com"]},{"role":"roles/firebase.managementServiceAgent","members":["serviceAccount:service-436605592124@gcp-sa-firebase.iam.gserviceaccount.com"]},{"role":"roles/firebase.sdkAdminServiceAgent","members":["serviceAccount:firebase-adminsdk-fbsvc@digital8-54104914-db97a.iam.gserviceaccount.com","serviceAccount:firebase-app-hosting-compute@digital8-54104914-db97a.iam.gserviceaccount.com"]},{"role":"roles/firebaseapphosting.computeRunner","members":["serviceAccount:firebase-app-hosting-compute@digital8-54104914-db97a.iam.gserviceaccount.com"]},{"role":"roles/iam.serviceAccountTokenCreator","members":["serviceAccount:firebase-adminsdk-fbsvc@digital8-54104914-db97a.iam.gserviceaccount.com"]},{"role":"roles/owner","members":["user:plotnik@gmail.com"]},{"role":"roles/run.serviceAgent","members":["serviceAccount:service-436605592124@serverless-robot-prod.iam.gserviceaccount.com"]},{"role":"roles/storage.objectViewer","members":["serviceAccount:firebase-app-hosting-compute@digital8-54104914-db97a.iam.gserviceaccount.com"]},{"role":"roles/secretmanager.admin","members":["serviceAccount:service-436605592124@gcp-sa-devconnect.iam.gserviceaccount.com"]}]},"updateMask":"bindings"}
[debug] [2026-01-06T07:16:58.471Z] <<< [apiv2][status] POST https://cloudresourcemanager.googleapis.com/v1/projects/digital8-54104914-db97a:setIamPolicy 200
[debug] [2026-01-06T07:16:58.471Z] <<< [apiv2][body] POST https://cloudresourcemanager.googleapis.com/v1/projects/digital8-54104914-db97a:setIamPolicy {"version":1,"etag":"BwZHsvYS98M=","bindings":[{"role":"roles/cloudbuild.builds.builder","members":["serviceAccount:436605592124@cloudbuild.gserviceaccount.com"]},{"role":"roles/cloudbuild.serviceAgent","members":["serviceAccount:service-436605592124@gcp-sa-cloudbuild.iam.gserviceaccount.com"]},{"role":"roles/containerregistry.ServiceAgent","members":["serviceAccount:service-436605592124@containerregistry.iam.gserviceaccount.com"]},{"role":"roles/developerconnect.readTokenAccessor","members":["serviceAccount:firebase-app-hosting-compute@digital8-54104914-db97a.iam.gserviceaccount.com"]},{"role":"roles/editor","members":["serviceAccount:436605592124-compute@developer.gserviceaccount.com"]},{"role":"roles/firebase.managementServiceAgent","members":["serviceAccount:service-436605592124@gcp-sa-firebase.iam.gserviceaccount.com"]},{"role":"roles/firebase.sdkAdminServiceAgent","members":["serviceAccount:firebase-adminsdk-fbsvc@digital8-54104914-db97a.iam.gserviceaccount.com","serviceAccount:firebase-app-hosting-compute@digital8-54104914-db97a.iam.gserviceaccount.com"]},{"role":"roles/firebaseapphosting.computeRunner","members":["serviceAccount:firebase-app-hosting-compute@digital8-54104914-db97a.iam.gserviceaccount.com"]},{"role":"roles/iam.serviceAccountTokenCreator","members":["serviceAccount:firebase-adminsdk-fbsvc@digital8-54104914-db97a.iam.gserviceaccount.com"]},{"role":"roles/owner","members":["user:plotnik@gmail.com"]},{"role":"roles/run.serviceAgent","members":["serviceAccount:service-436605592124@serverless-robot-prod.iam.gserviceaccount.com"]},{"role":"roles/secretmanager.admin","members":["serviceAccount:service-436605592124@gcp-sa-devconnect.iam.gserviceaccount.com"]},{"role":"roles/storage.objectViewer","members":["serviceAccount:firebase-app-hosting-compute@digital8-54104914-db97a.iam.gserviceaccount.com"]}]}
[info] ✔  Successfully granted the required role to the Developer Connect Service Agent!
 
[debug] [2026-01-06T07:16:58.472Z] Checked if tokens are valid: true, expires at: 1767687211485
[debug] [2026-01-06T07:16:58.473Z] Checked if tokens are valid: true, expires at: 1767687211485
[debug] [2026-01-06T07:16:58.473Z] >>> [apiv2][query] POST https://developerconnect.googleapis.com/v1/projects/digital8-54104914-db97a/locations/us-central1/connections connectionId=apphosting-github-conn-ny6x72p
[debug] [2026-01-06T07:16:58.473Z] >>> [apiv2][body] POST https://developerconnect.googleapis.com/v1/projects/digital8-54104914-db97a/locations/us-central1/connections {"githubConfig":{"githubApp":"FIREBASE"}}
[debug] [2026-01-06T07:16:59.534Z] <<< [apiv2][status] POST https://developerconnect.googleapis.com/v1/projects/digital8-54104914-db97a/locations/us-central1/connections 200
[debug] [2026-01-06T07:16:59.534Z] <<< [apiv2][body] POST https://developerconnect.googleapis.com/v1/projects/digital8-54104914-db97a/locations/us-central1/connections {"name":"projects/digital8-54104914-db97a/locations/us-central1/operations/operation-1767683818564-647b2f614aacd-8881b368-4b7dce83","metadata":{"@type":"type.googleapis.com/google.cloud.developerconnect.v1.OperationMetadata","createTime":"2026-01-06T07:16:59.517619288Z","target":"projects/digital8-54104914-db97a/locations/us-central1/connections/apphosting-github-conn-ny6x72p","verb":"create","requestedCancellation":false,"apiVersion":"v1"},"done":false}
[debug] [2026-01-06T07:16:59.536Z] Checked if tokens are valid: true, expires at: 1767687211485
[debug] [2026-01-06T07:16:59.536Z] Checked if tokens are valid: true, expires at: 1767687211485
[debug] [2026-01-06T07:16:59.537Z] >>> [apiv2][query] GET https://developerconnect.googleapis.com/v1/projects/digital8-54104914-db97a/locations/us-central1/operations/operation-1767683818564-647b2f614aacd-8881b368-4b7dce83 [none]
[debug] [2026-01-06T07:16:59.596Z] <<< [apiv2][status] GET https://developerconnect.googleapis.com/v1/projects/digital8-54104914-db97a/locations/us-central1/operations/operation-1767683818564-647b2f614aacd-8881b368-4b7dce83 200
[debug] [2026-01-06T07:16:59.596Z] <<< [apiv2][body] GET https://developerconnect.googleapis.com/v1/projects/digital8-54104914-db97a/locations/us-central1/operations/operation-1767683818564-647b2f614aacd-8881b368-4b7dce83 {"name":"projects/digital8-54104914-db97a/locations/us-central1/operations/operation-1767683818564-647b2f614aacd-8881b368-4b7dce83","metadata":{"@type":"type.googleapis.com/google.cloud.developerconnect.v1.OperationMetadata","createTime":"2026-01-06T07:16:59.517619288Z","endTime":"2026-01-06T07:16:59.551890803Z","target":"projects/digital8-54104914-db97a/locations/us-central1/connections/apphosting-github-conn-ny6x72p","verb":"create","requestedCancellation":false,"apiVersion":"v1"},"done":true,"response":{"@type":"type.googleapis.com/google.cloud.developerconnect.v1.Connection","name":"projects/digital8-54104914-db97a/locations/us-central1/connections/apphosting-github-conn-ny6x72p","createTime":"2026-01-06T07:16:59.512816879Z","updateTime":"2026-01-06T07:16:59.512816879Z","githubConfig":{"githubApp":"FIREBASE"},"installationState":{"stage":"PENDING_USER_OAUTH","message":"Please log in to https://github.com using a robot account and then follow this link to authorize Developer Connect to access that account. After authorization, your GitHub authorization token will be stored in Cloud Secret Manager.","actionUri":"https://accounts.google.com/AccountChooser?continue=https%3A%2F%2Fconsole.cloud.google.com%2Fdeveloper-connect%2Ffinish-setup%3Fstate%3D%257B%2522connection%2522%253A%2B%2522projects%252Fdigital8-54104914-db97a%252Flocations%252Fus-central1%252Fconnections%252Fapphosting-github-conn-ny6x72p%2522%257D"},"uid":"55fb029d-254a-4a84-95f1-0606b3b2021e"}}
[info] i  Please authorize the Firebase GitHub app by visiting this url: 
[info] i  	http://localhost:9005 
[debug] [2026-01-06T07:18:27.584Z] Checked if tokens are valid: true, expires at: 1767687211485
[debug] [2026-01-06T07:18:27.585Z] Checked if tokens are valid: true, expires at: 1767687211485
[debug] [2026-01-06T07:18:27.585Z] >>> [apiv2][query] GET https://developerconnect.googleapis.com/v1/projects/digital8-54104914-db97a/locations/us-central1/connections/apphosting-github-conn-ny6x72p [none]
[debug] [2026-01-06T07:18:27.695Z] <<< [apiv2][status] GET https://developerconnect.googleapis.com/v1/projects/digital8-54104914-db97a/locations/us-central1/connections/apphosting-github-conn-ny6x72p 200
[debug] [2026-01-06T07:18:27.695Z] <<< [apiv2][body] GET https://developerconnect.googleapis.com/v1/projects/digital8-54104914-db97a/locations/us-central1/connections/apphosting-github-conn-ny6x72p {"name":"projects/digital8-54104914-db97a/locations/us-central1/connections/apphosting-github-conn-ny6x72p","createTime":"2026-01-06T07:16:59.512816879Z","updateTime":"2026-01-06T07:18:13.085831608Z","githubConfig":{"githubApp":"FIREBASE","authorizerCredential":{"oauthTokenSecretVersion":"projects/digital8-54104914-db97a/secrets/apphosting-github-conn-ny6x72p-github-oauthtoken-3a9861/versions/latest","username":"plotnik-ship-it"},"appInstallationId":"102836571","installationUri":"https://github.com/settings/installations/102836571"},"installationState":{"stage":"COMPLETE"},"uid":"55fb029d-254a-4a84-95f1-0606b3b2021e"}
[info] ✔  Connected with GitHub successfully
 
[debug] [2026-01-06T07:18:27.699Z] Checked if tokens are valid: true, expires at: 1767687211485
[debug] [2026-01-06T07:18:27.705Z] Checked if tokens are valid: true, expires at: 1767687211485
[debug] [2026-01-06T07:18:27.714Z] >>> [apiv2][query] GET https://developerconnect.googleapis.com/v1/projects/digital8-54104914-db97a/locations/us-central1/connections/apphosting-github-conn-ny6x72p:fetchGitHubInstallations [none]
[debug] [2026-01-06T07:18:27.990Z] <<< [apiv2][status] GET https://developerconnect.googleapis.com/v1/projects/digital8-54104914-db97a/locations/us-central1/connections/apphosting-github-conn-ny6x72p:fetchGitHubInstallations 200
[debug] [2026-01-06T07:18:27.990Z] <<< [apiv2][body] GET https://developerconnect.googleapis.com/v1/projects/digital8-54104914-db97a/locations/us-central1/connections/apphosting-github-conn-ny6x72p:fetchGitHubInstallations {"installations":[{"id":"102836571","name":"plotnik-ship-it","type":"user"}]}
[debug] [2026-01-06T07:18:36.033Z] Checked if tokens are valid: true, expires at: 1767687211485
[debug] [2026-01-06T07:18:36.033Z] Checked if tokens are valid: true, expires at: 1767687211485
[debug] [2026-01-06T07:18:36.034Z] >>> [apiv2][query] GET https://developerconnect.googleapis.com/v1/projects/digital8-54104914-db97a/locations/us-central1/connections pageSize=1000&pageToken=
[debug] [2026-01-06T07:18:36.129Z] <<< [apiv2][status] GET https://developerconnect.googleapis.com/v1/projects/digital8-54104914-db97a/locations/us-central1/connections 200
[debug] [2026-01-06T07:18:36.130Z] <<< [apiv2][body] GET https://developerconnect.googleapis.com/v1/projects/digital8-54104914-db97a/locations/us-central1/connections {"connections":[{"name":"projects/digital8-54104914-db97a/locations/us-central1/connections/apphosting-github-conn-ny6x72p","createTime":"2026-01-06T07:16:59.512816879Z","updateTime":"2026-01-06T07:18:13.085831608Z","githubConfig":{"githubApp":"FIREBASE","authorizerCredential":{"oauthTokenSecretVersion":"projects/digital8-54104914-db97a/secrets/apphosting-github-conn-ny6x72p-github-oauthtoken-3a9861/versions/latest","username":"plotnik-ship-it"},"appInstallationId":"102836571","installationUri":"https://github.com/settings/installations/102836571"},"installationState":{"stage":"COMPLETE"},"uid":"55fb029d-254a-4a84-95f1-0606b3b2021e"}]}
[info] i  Reusing matching connection apphosting-github-conn-ny6x72p 
[debug] [2026-01-06T07:18:36.134Z] Checked if tokens are valid: true, expires at: 1767687211485
[debug] [2026-01-06T07:18:36.135Z] Checked if tokens are valid: true, expires at: 1767687211485
[debug] [2026-01-06T07:18:36.136Z] >>> [apiv2][query] GET https://developerconnect.googleapis.com/v1/projects/digital8-54104914-db97a/locations/us-central1/connections/apphosting-github-conn-ny6x72p:fetchLinkableGitRepositories pageSize=1000&pageToken=
[debug] [2026-01-06T07:18:36.369Z] <<< [apiv2][status] GET https://developerconnect.googleapis.com/v1/projects/digital8-54104914-db97a/locations/us-central1/connections/apphosting-github-conn-ny6x72p:fetchLinkableGitRepositories 200
[debug] [2026-01-06T07:18:36.370Z] <<< [apiv2][body] GET https://developerconnect.googleapis.com/v1/projects/digital8-54104914-db97a/locations/us-central1/connections/apphosting-github-conn-ny6x72p:fetchLinkableGitRepositories {}
[info] i  Manage the Firebase App Hosting GitHub app to enable access to GitHub repositories 
[info] i  https://github.com/settings/installations/102836571 
[debug] [2026-01-06T07:19:39.635Z] Checked if tokens are valid: true, expires at: 1767687211485
[debug] [2026-01-06T07:19:39.636Z] Checked if tokens are valid: true, expires at: 1767687211485
[debug] [2026-01-06T07:19:39.637Z] >>> [apiv2][query] GET https://developerconnect.googleapis.com/v1/projects/digital8-54104914-db97a/locations/us-central1/connections/apphosting-github-conn-ny6x72p:fetchLinkableGitRepositories pageSize=1000&pageToken=
[debug] [2026-01-06T07:19:39.945Z] <<< [apiv2][status] GET https://developerconnect.googleapis.com/v1/projects/digital8-54104914-db97a/locations/us-central1/connections/apphosting-github-conn-ny6x72p:fetchLinkableGitRepositories 200
[debug] [2026-01-06T07:19:39.946Z] <<< [apiv2][body] GET https://developerconnect.googleapis.com/v1/projects/digital8-54104914-db97a/locations/us-central1/connections/apphosting-github-conn-ny6x72p:fetchLinkableGitRepositories {}
[info] i  Manage the Firebase App Hosting GitHub app to enable access to GitHub repositories 
[info] i  https://github.com/settings/installations/102836571 
[debug] [2026-01-06T07:20:51.005Z] Checked if tokens are valid: true, expires at: 1767687211485
[debug] [2026-01-06T07:20:51.007Z] Checked if tokens are valid: true, expires at: 1767687211485
[debug] [2026-01-06T07:20:51.011Z] >>> [apiv2][query] GET https://developerconnect.googleapis.com/v1/projects/digital8-54104914-db97a/locations/us-central1/connections/apphosting-github-conn-ny6x72p:fetchLinkableGitRepositories pageSize=1000&pageToken=
[debug] [2026-01-06T07:20:51.277Z] <<< [apiv2][status] GET https://developerconnect.googleapis.com/v1/projects/digital8-54104914-db97a/locations/us-central1/connections/apphosting-github-conn-ny6x72p:fetchLinkableGitRepositories 200
[debug] [2026-01-06T07:20:51.277Z] <<< [apiv2][body] GET https://developerconnect.googleapis.com/v1/projects/digital8-54104914-db97a/locations/us-central1/connections/apphosting-github-conn-ny6x72p:fetchLinkableGitRepositories {}
[info] i  Manage the Firebase App Hosting GitHub app to enable access to GitHub repositories 
[info] i  https://github.com/settings/installations/102836571 
[debug] [2026-01-06T07:23:20.308Z] Checked if tokens are valid: true, expires at: 1767687211485
[debug] [2026-01-06T07:23:20.308Z] Checked if tokens are valid: true, expires at: 1767687211485
[debug] [2026-01-06T07:23:20.309Z] >>> [apiv2][query] GET https://developerconnect.googleapis.com/v1/projects/digital8-54104914-db97a/locations/us-central1/connections/apphosting-github-conn-ny6x72p:fetchLinkableGitRepositories pageSize=1000&pageToken=
[debug] [2026-01-06T07:23:20.613Z] <<< [apiv2][status] GET https://developerconnect.googleapis.com/v1/projects/digital8-54104914-db97a/locations/us-central1/connections/apphosting-github-conn-ny6x72p:fetchLinkableGitRepositories 200
[debug] [2026-01-06T07:23:20.614Z] <<< [apiv2][body] GET https://developerconnect.googleapis.com/v1/projects/digital8-54104914-db97a/locations/us-central1/connections/apphosting-github-conn-ny6x72p:fetchLinkableGitRepositories {}
[info] i  Manage the Firebase App Hosting GitHub app to enable access to GitHub repositories 
[info] i  https://github.com/settings/installations/102836571 
[debug] [2026-01-06T07:27:00.783Z] Checked if tokens are valid: true, expires at: 1767687211485
[debug] [2026-01-06T07:27:00.784Z] Checked if tokens are valid: true, expires at: 1767687211485
[debug] [2026-01-06T07:27:00.784Z] >>> [apiv2][query] GET https://developerconnect.googleapis.com/v1/projects/digital8-54104914-db97a/locations/us-central1/connections/apphosting-github-conn-ny6x72p:fetchLinkableGitRepositories pageSize=1000&pageToken=
[debug] [2026-01-06T07:27:01.113Z] <<< [apiv2][status] GET https://developerconnect.googleapis.com/v1/projects/digital8-54104914-db97a/locations/us-central1/connections/apphosting-github-conn-ny6x72p:fetchLinkableGitRepositories 200
[debug] [2026-01-06T07:27:01.113Z] <<< [apiv2][body] GET https://developerconnect.googleapis.com/v1/projects/digital8-54104914-db97a/locations/us-central1/connections/apphosting-github-conn-ny6x72p:fetchLinkableGitRepositories {}
